<?xml version="1.0" encoding="UTF-8"?>
<testsuite name="memory.MemoryFinderTest" tests="1" skipped="0" failures="0" errors="0" timestamp="2023-05-20T12:01:43" hostname="yujeongsig-ui-MacBookPro-2.local" time="0.039">
  <properties/>
  <testcase name="get()" classname="memory.MemoryFinderTest" time="0.039"/>
  <system-out><![CDATA[]]></system-out>
  <system-err><![CDATA[]]></system-err>
</testsuite>
